Performing C SOURCE FILE Test CMAKE_HAVE_LIBC_PTHREAD failed with the following output:
Change Dir: /users/pankajkr/postgresql/src/grpc/server/cmake/build/CMakeFiles/CMakeScratch/TryCompile-9ha7hW

Run Build Command(s):/usr/bin/make -f Makefile cmTC_8031f/fast && /usr/bin/make  -f CMakeFiles/cmTC_8031f.dir/build.make CMakeFiles/cmTC_8031f.dir/build
make[1]: Entering directory '/users/pankajkr/postgresql/src/grpc/server/cmake/build/CMakeFiles/CMakeScratch/TryCompile-9ha7hW'
Building C object CMakeFiles/cmTC_8031f.dir/src.c.o
/usr/bin/cc -DCMAKE_HAVE_LIBC_PTHREAD   -o CMakeFiles/cmTC_8031f.dir/src.c.o -c /users/pankajkr/postgresql/src/grpc/server/cmake/build/CMakeFiles/CMakeScratch/TryCompile-9ha7hW/src.c
Linking C executable cmTC_8031f
/usr/bin/cmake -E cmake_link_script CMakeFiles/cmTC_8031f.dir/link.txt --verbose=1
/usr/bin/cc CMakeFiles/cmTC_8031f.dir/src.c.o -o cmTC_8031f 
CMakeFiles/cmTC_8031f.dir/src.c.o: In function `main':
src.c:(.text+0x3e): undefined reference to `pthread_create'
src.c:(.text+0x4a): undefined reference to `pthread_detach'
src.c:(.text+0x56): undefined reference to `pthread_cancel'
src.c:(.text+0x67): undefined reference to `pthread_join'
src.c:(.text+0x7b): undefined reference to `pthread_atfork'
collect2: error: ld returned 1 exit status
CMakeFiles/cmTC_8031f.dir/build.make:98: recipe for target 'cmTC_8031f' failed
make[1]: *** [cmTC_8031f] Error 1
make[1]: Leaving directory '/users/pankajkr/postgresql/src/grpc/server/cmake/build/CMakeFiles/CMakeScratch/TryCompile-9ha7hW'
Makefile:127: recipe for target 'cmTC_8031f/fast' failed
make: *** [cmTC_8031f/fast] Error 2


Source file was:
#include <pthread.h>

static void* test_func(void* data)
{
  return data;
}

int main(void)
{
  pthread_t thread;
  pthread_create(&thread, NULL, test_func, NULL);
  pthread_detach(thread);
  pthread_cancel(thread);
  pthread_join(thread, NULL);
  pthread_atfork(NULL, NULL, NULL);
  pthread_exit(NULL);

  return 0;
}


Determining if the function pthread_create exists in the pthreads failed with the following output:
Change Dir: /users/pankajkr/postgresql/src/grpc/server/cmake/build/CMakeFiles/CMakeScratch/TryCompile-S79Vq4

Run Build Command(s):/usr/bin/make -f Makefile cmTC_1bcbf/fast && /usr/bin/make  -f CMakeFiles/cmTC_1bcbf.dir/build.make CMakeFiles/cmTC_1bcbf.dir/build
make[1]: Entering directory '/users/pankajkr/postgresql/src/grpc/server/cmake/build/CMakeFiles/CMakeScratch/TryCompile-S79Vq4'
Building C object CMakeFiles/cmTC_1bcbf.dir/CheckFunctionExists.c.o
/usr/bin/cc   -DCHECK_FUNCTION_EXISTS=pthread_create -o CMakeFiles/cmTC_1bcbf.dir/CheckFunctionExists.c.o -c /users/pankajkr/postgresql/src/grpc/server/cmake/build/CMakeFiles/CMakeScratch/TryCompile-S79Vq4/CheckFunctionExists.c
Linking C executable cmTC_1bcbf
/usr/bin/cmake -E cmake_link_script CMakeFiles/cmTC_1bcbf.dir/link.txt --verbose=1
/usr/bin/cc  -DCHECK_FUNCTION_EXISTS=pthread_create CMakeFiles/cmTC_1bcbf.dir/CheckFunctionExists.c.o -o cmTC_1bcbf  -lpthreads 
/usr/bin/ld: cannot find -lpthreads
collect2: error: ld returned 1 exit status
CMakeFiles/cmTC_1bcbf.dir/build.make:98: recipe for target 'cmTC_1bcbf' failed
make[1]: *** [cmTC_1bcbf] Error 1
make[1]: Leaving directory '/users/pankajkr/postgresql/src/grpc/server/cmake/build/CMakeFiles/CMakeScratch/TryCompile-S79Vq4'
Makefile:127: recipe for target 'cmTC_1bcbf/fast' failed
make: *** [cmTC_1bcbf/fast] Error 2



